---------------------------------------------------------------------------------------------------------
      name:  <unnamed>
       log:  C:\Users\Nyatichi\Desktop\Github\preparing data for analysis.log
  log type:  text
 opened on:   6 May 2026, 06:43:37

. do "C:\Users\Nyatichi\AppData\Local\Temp\STD2744_000000.tmp"

. use relate.dta

. 
end of do-file

. do "C:\Users\Nyatichi\AppData\Local\Temp\STD2744_000000.tmp"

. mvdecode _all, mv(-5=.a\-4=.b\-3=.c\-2=.d\-1=.e)
    R3483600: 4467 missing values generated
    R3483700: 4469 missing values generated
    R3483800: 4468 missing values generated
    R3483900: 4470 missing values generated
    R3485200: 5608 missing values generated
    R3485300: 5611 missing values generated
    R3485400: 5610 missing values generated
    R3485500: 5611 missing values generated
    R3828100: 775 missing values generated
    R3828700: 775 missing values generated

. 
end of do-file

. varmange
command varmange is unrecognized
r(199);

. varmanage

. label define often 0 "Never" 1 "Rarely" 2 "Sometimes " 3 "Usually" 4 "Always " .a "Noninterview " .b "V
> alid skip" .d "Don't know " .e "Refused "

. label values R3483600 often

. label values R3483700 often

. label values R3483800 often

. label values R3483900 often

. label values R3485200 often

. label values R3485300 often

. label values R3485400 often

. label values R3485500 often

. do "C:\Users\Nyatichi\AppData\Local\Temp\STD2744_000000.tmp"

.  label define often 0 "Never" 1 "Rarely" 2 "Sometimes " 3 "Usually" 4 "Always " .a "Noninterview " .b "Valid skip
> " .d "Don't know " .e "Refused "
label often already defined
r(110);

end of do-file

r(110);

. do "C:\Users\Nyatichi\AppData\Local\Temp\STD2744_000000.tmp"

.  label variable R3483700 "Mother criticizes child’s ideas"

. 
end of do-file

. do "C:\Users\Nyatichi\AppData\Local\Temp\STD2744_000000.tmp"

.  label variable R3483800 "Mother helps child with what is important to child"

. 
end of do-file

. do "C:\Users\Nyatichi\AppData\Local\Temp\STD2744_000000.tmp"

.  label variable R3483900 "Mother blames child for problems"

. 
end of do-file

. do "C:\Users\Nyatichi\AppData\Local\Temp\STD2744_000000.tmp"

.  label variable R3485200 "Father praises child for doing well"

. 
end of do-file

. do "C:\Users\Nyatichi\AppData\Local\Temp\STD2744_000000.tmp"

.  label variable R3485300 "Father criticizes child’s ideas"

. 
end of do-file

. do "C:\Users\Nyatichi\AppData\Local\Temp\STD2744_000000.tmp"

.  label variable R3485400 "Father helps child with what is important to child"

. 
end of do-file

. do "C:\Users\Nyatichi\AppData\Local\Temp\STD2744_000000.tmp"

.  label variable R3485500 "Father blames child for problems"

. 
end of do-file

. do "C:\Users\Nyatichi\AppData\Local\Temp\STD2744_000000.tmp"

.  label variable R3485500 "Mother praises child for doing well"

. 
end of do-file

. do "C:\Users\Nyatichi\AppData\Local\Temp\STD2744_000000.tmp"

. recode R3483700 R3483900 R3485300 R3485500 (0=4) (1=3) (2=2) (3=1) (4=0),generate(momcritr momblamer dadcritr dad
> blamer)
(3230 differences between R3483700 and momcritr)
(4037 differences between R3483900 and momblamer)
(2562 differences between R3485300 and dadcritr)
(3070 differences between R3485500 and dadblamer)

. 
end of do-file

. do "C:\Users\Nyatichi\AppData\Local\Temp\STD2744_000000.tmp"

. label variable momcritr "Mother criticizes child’s ideas, reverses R3483700"

. 
end of do-file

. do "C:\Users\Nyatichi\AppData\Local\Temp\STD2744_000000.tmp"

. label variable momblamer "Mother blames child for problems, reverses R3483900"

. 
end of do-file

. do "C:\Users\Nyatichi\AppData\Local\Temp\STD2744_000000.tmp"

. label variable dadcritr "Father criticizes child’s ideas, reverses R3485300"

. 
end of do-file

. do "C:\Users\Nyatichi\AppData\Local\Temp\STD2744_000000.tmp"

. label variable dadblamer "Father blames child for problems, reverses R3485500"

. 
end of do-file

. do "C:\Users\Nyatichi\AppData\Local\Temp\STD2744_000000.tmp"

. tabulate momcritr R3483700

    Mother |
criticizes |
   child’s |
    ideas, |
  reverses |            Mother criticizes child’s ideas
  R3483700 |     Never     Rarely  Sometimes    Usually    Always  |     Total
-----------+-------------------------------------------------------+----------
         0 |         0          0          0          0        145 |       145 
         1 |         0          0          0        324          0 |       324 
         2 |         0          0      1,285          0          0 |     1,285 
         3 |         0      1,654          0          0          0 |     1,654 
         4 |     1,107          0          0          0          0 |     1,107 
-----------+-------------------------------------------------------+----------
     Total |     1,107      1,654      1,285        324        145 |     4,515 


. 
end of do-file

. do "C:\Users\Nyatichi\AppData\Local\Temp\STD2744_000000.tmp"

. label define often_r 4 "Never" 3 "Rarely" 2 "Sometimes" 1 "Usually" 0 "Always".a "Noninterview" .b "Valid skip" .
> c "Invalid skip" .d "Don’t know"

. 
end of do-file

. do "C:\Users\Nyatichi\AppData\Local\Temp\STD2744_000000.tmp"

.  label values momcritr momblamer dadcritr dadblamer often_r

. 
end of do-file

. do "C:\Users\Nyatichi\AppData\Local\Temp\STD2744_000000.tmp"

. clonevar id = R0000100

. 
end of do-file

. do "C:\Users\Nyatichi\AppData\Local\Temp\STD2744_000000.tmp"

. clonevar sex = R3828700
(775 missing values generated)

. 
end of do-file

. do "C:\Users\Nyatichi\AppData\Local\Temp\STD2744_000000.tmp"

. clonevar age = R3828100
(775 missing values generated)

. 
end of do-file

. do "C:\Users\Nyatichi\AppData\Local\Temp\STD2744_000000.tmp"

. clonevar mompraise = R3483600
(4,467 missing values generated)

. 
end of do-file

. do "C:\Users\Nyatichi\AppData\Local\Temp\STD2744_000000.tmp"

. clonevar momhelp = R3483800
(4,468 missing values generated)

. 
end of do-file

. do "C:\Users\Nyatichi\AppData\Local\Temp\STD2744_000000.tmp"

. clonevar dadpraise = R3485200
(5,608 missing values generated)

. 
end of do-file

. do "C:\Users\Nyatichi\AppData\Local\Temp\STD2744_000000.tmp"

. clonevar dadhelp = R3485400
(5,610 missing values generated)

. 
end of do-file

. log close
      name:  <unnamed>
       log:  C:\Users\Nyatichi\Desktop\Github\preparing data for analysis.log
  log type:  text
 closed on:   6 May 2026, 12:40:26
-------------------------------------------------------------------------------------------------------------------
